# Logfile created on 2022-03-21 17:31:00 +0300 by logger.rb/47272
I, [2022-03-21T18:59:05.487206 #69345]  INFO -- : Running example 'Verifying a pact between todo and todo-backend Given there are already exists todos request for geting todos with GET /GetTodoElements returns a response which has status code 200'
I, [2022-03-21T18:59:05.494050 #69345]  INFO -- : Sending GET request to path: "/GetTodoElements" with headers: {"HTTP_ACCEPT"=>"application/json", "HTTP_X_PACT_ORIGINAL_HEADER_NAMES"=>"Accept", "X_PACT_PROVIDER_STATES"=>[{"name"=>"there are already exists todos"}]}, see debug logs for body
D, [2022-03-21T18:59:05.494108 #69345] DEBUG -- : body :
I, [2022-03-21T18:59:05.513533 #69345]  INFO -- : Received response with status: 200, headers: {"Access-Control-Allow-Origin"=>"*", "Content-Length"=>"131", "Content-Type"=>"application/json", "Date"=>"Mon, 21 Mar 2022 15:59:05 GMT", "Vary"=>"Origin"}, see debug logs for body
D, [2022-03-21T18:59:05.513602 #69345] DEBUG -- : body: [{"_id":"62234346c2a65768f2c03ca5","text":"drink water","status":0},{"_id":"6225bfaec2a65768f2c03ca6","text":"bla bla","status":0}]
I, [2022-03-21T18:59:05.515786 #69345]  INFO -- : Running example 'Verifying a pact between todo and todo-backend Given a todo item is created create item request with POST /CreateTodo returns a response which has status code 201'
I, [2022-03-21T18:59:05.517236 #69345]  INFO -- : Sending POST request to path: "/CreateTodo" with headers: {"HTTP_ACCEPT"=>"application/json", "CONTENT_TYPE"=>"application/json", "HTTP_X_PACT_ORIGINAL_HEADER_NAMES"=>"Accept,Content-Type", "X_PACT_PROVIDER_STATES"=>[{"name"=>"a todo item is created"}]}, see debug logs for body
D, [2022-03-21T18:59:05.517291 #69345] DEBUG -- : body :{"status":0,"text":"new todo element"}
I, [2022-03-21T18:59:05.519719 #69345]  INFO -- : Received response with status: 201, headers: {"Access-Control-Allow-Origin"=>"*", "Content-Length"=>"7", "Content-Type"=>"text/plain; charset=utf-8", "Date"=>"Mon, 21 Mar 2022 15:59:05 GMT", "Vary"=>"Origin"}, see debug logs for body
D, [2022-03-21T18:59:05.519761 #69345] DEBUG -- : body: Created
I, [2022-03-21T19:00:04.146042 #69404]  INFO -- : Running example 'Verifying a pact between todo and todo-backend Given there are already exists todos request for geting todos with GET /GetTodoElements returns a response which has status code 200'
I, [2022-03-21T19:00:04.153688 #69404]  INFO -- : Sending GET request to path: "/GetTodoElements" with headers: {"HTTP_ACCEPT"=>"application/json", "HTTP_X_PACT_ORIGINAL_HEADER_NAMES"=>"Accept", "X_PACT_PROVIDER_STATES"=>[{"name"=>"there are already exists todos"}]}, see debug logs for body
D, [2022-03-21T19:00:04.153750 #69404] DEBUG -- : body :
I, [2022-03-21T19:00:04.173232 #69404]  INFO -- : Received response with status: 200, headers: {"Access-Control-Allow-Origin"=>"*", "Content-Length"=>"131", "Content-Type"=>"application/json", "Date"=>"Mon, 21 Mar 2022 16:00:04 GMT", "Vary"=>"Origin"}, see debug logs for body
D, [2022-03-21T19:00:04.173301 #69404] DEBUG -- : body: [{"_id":"62234346c2a65768f2c03ca5","text":"drink water","status":0},{"_id":"6225bfaec2a65768f2c03ca6","text":"bla bla","status":0}]
I, [2022-03-21T19:00:04.175387 #69404]  INFO -- : Running example 'Verifying a pact between todo and todo-backend Given a todo item is created create item request with POST /CreateTodo returns a response which has status code 201'
I, [2022-03-21T19:00:04.176795 #69404]  INFO -- : Sending POST request to path: "/CreateTodo" with headers: {"HTTP_ACCEPT"=>"application/json", "CONTENT_TYPE"=>"application/json", "HTTP_X_PACT_ORIGINAL_HEADER_NAMES"=>"Accept,Content-Type", "X_PACT_PROVIDER_STATES"=>[{"name"=>"a todo item is created"}]}, see debug logs for body
D, [2022-03-21T19:00:04.176874 #69404] DEBUG -- : body :{"status":0,"text":"new todo element"}
I, [2022-03-21T19:00:04.179976 #69404]  INFO -- : Received response with status: 201, headers: {"Access-Control-Allow-Origin"=>"*", "Content-Length"=>"7", "Content-Type"=>"text/plain; charset=utf-8", "Date"=>"Mon, 21 Mar 2022 16:00:04 GMT", "Vary"=>"Origin"}, see debug logs for body
D, [2022-03-21T19:00:04.180044 #69404] DEBUG -- : body: Created
I, [2022-03-21T19:18:51.254708 #69970]  INFO -- : Running example 'Verifying a pact between todo and todo-backend Given there are already exists todos request for geting todos with GET /GetTodoElements returns a response which has status code 200'
I, [2022-03-21T19:18:51.262732 #69970]  INFO -- : Sending GET request to path: "/GetTodoElements" with headers: {"HTTP_ACCEPT"=>"application/json", "HTTP_X_PACT_ORIGINAL_HEADER_NAMES"=>"Accept", "X_PACT_PROVIDER_STATES"=>[{"name"=>"there are already exists todos"}]}, see debug logs for body
D, [2022-03-21T19:18:51.262788 #69970] DEBUG -- : body :
I, [2022-03-21T19:18:51.282449 #69970]  INFO -- : Received response with status: 200, headers: {"Access-Control-Allow-Origin"=>"*", "Content-Length"=>"131", "Content-Type"=>"application/json", "Date"=>"Mon, 21 Mar 2022 16:18:51 GMT", "Vary"=>"Origin"}, see debug logs for body
D, [2022-03-21T19:18:51.282521 #69970] DEBUG -- : body: [{"_id":"62234346c2a65768f2c03ca5","text":"drink water","status":0},{"_id":"6225bfaec2a65768f2c03ca6","text":"bla bla","status":0}]
I, [2022-03-21T19:18:51.284782 #69970]  INFO -- : Running example 'Verifying a pact between todo and todo-backend Given a todo item is created create item request with POST /CreateTodo returns a response which has status code 201'
I, [2022-03-21T19:18:51.286286 #69970]  INFO -- : Sending POST request to path: "/CreateTodo" with headers: {"HTTP_ACCEPT"=>"application/json", "CONTENT_TYPE"=>"application/json", "HTTP_X_PACT_ORIGINAL_HEADER_NAMES"=>"Accept,Content-Type", "X_PACT_PROVIDER_STATES"=>[{"name"=>"a todo item is created"}]}, see debug logs for body
D, [2022-03-21T19:18:51.286354 #69970] DEBUG -- : body :{"status":0,"text":"new todo element"}
I, [2022-03-21T19:18:51.289502 #69970]  INFO -- : Received response with status: 201, headers: {"Access-Control-Allow-Origin"=>"*", "Content-Length"=>"7", "Content-Type"=>"text/plain; charset=utf-8", "Date"=>"Mon, 21 Mar 2022 16:18:51 GMT", "Vary"=>"Origin"}, see debug logs for body
D, [2022-03-21T19:18:51.289554 #69970] DEBUG -- : body: Created
I, [2022-03-22T09:12:29.311871 #72208]  INFO -- : Running example 'Verifying a pact between todo and todo-backend Given there are already exists todos request for geting todos with GET /GetTodoElements returns a response which has status code 200'
I, [2022-03-22T09:12:29.319682 #72208]  INFO -- : Sending GET request to path: "/GetTodoElements" with headers: {"HTTP_ACCEPT"=>"application/json", "HTTP_X_PACT_ORIGINAL_HEADER_NAMES"=>"Accept", "X_PACT_PROVIDER_STATES"=>[{"name"=>"there are already exists todos"}]}, see debug logs for body
D, [2022-03-22T09:12:29.319748 #72208] DEBUG -- : body :
I, [2022-03-22T09:12:29.338412 #72208]  INFO -- : Received response with status: 200, headers: {"Access-Control-Allow-Origin"=>"*", "Content-Length"=>"131", "Content-Type"=>"application/json", "Date"=>"Tue, 22 Mar 2022 06:12:29 GMT", "Vary"=>"Origin"}, see debug logs for body
D, [2022-03-22T09:12:29.338482 #72208] DEBUG -- : body: [{"_id":"62234346c2a65768f2c03ca5","text":"drink water","status":0},{"_id":"6225bfaec2a65768f2c03ca6","text":"bla bla","status":0}]
I, [2022-03-22T09:12:29.340668 #72208]  INFO -- : Running example 'Verifying a pact between todo and todo-backend Given a todo item is created create item request with POST /CreateTodo returns a response which has status code 201'
I, [2022-03-22T09:12:29.342185 #72208]  INFO -- : Sending POST request to path: "/CreateTodo" with headers: {"HTTP_ACCEPT"=>"application/json", "CONTENT_TYPE"=>"application/json", "HTTP_X_PACT_ORIGINAL_HEADER_NAMES"=>"Accept,Content-Type", "X_PACT_PROVIDER_STATES"=>[{"name"=>"a todo item is created"}]}, see debug logs for body
D, [2022-03-22T09:12:29.342250 #72208] DEBUG -- : body :{"status":0,"text":"new todo element"}
I, [2022-03-22T09:12:29.345626 #72208]  INFO -- : Received response with status: 201, headers: {"Access-Control-Allow-Origin"=>"*", "Content-Length"=>"7", "Content-Type"=>"text/plain; charset=utf-8", "Date"=>"Tue, 22 Mar 2022 06:12:29 GMT", "Vary"=>"Origin"}, see debug logs for body
D, [2022-03-22T09:12:29.345704 #72208] DEBUG -- : body: Created
I, [2022-03-22T09:13:57.770515 #72295]  INFO -- : Running example 'Verifying a pact between todo and todo-backend Given there are already exists todos request for geting todos with GET /GetTodoElements returns a response which has status code 200'
I, [2022-03-22T09:13:57.776034 #72295]  INFO -- : Sending GET request to path: "/GetTodoElements" with headers: {"HTTP_ACCEPT"=>"application/json", "HTTP_X_PACT_ORIGINAL_HEADER_NAMES"=>"Accept", "X_PACT_PROVIDER_STATES"=>[{"name"=>"there are already exists todos"}]}, see debug logs for body
D, [2022-03-22T09:13:57.776086 #72295] DEBUG -- : body :
I, [2022-03-22T09:13:57.789837 #72295]  INFO -- : Received response with status: 200, headers: {"Access-Control-Allow-Origin"=>"*", "Content-Length"=>"131", "Content-Type"=>"application/json", "Date"=>"Tue, 22 Mar 2022 06:13:57 GMT", "Vary"=>"Origin"}, see debug logs for body
D, [2022-03-22T09:13:57.789898 #72295] DEBUG -- : body: [{"_id":"62234346c2a65768f2c03ca5","text":"drink water","status":0},{"_id":"6225bfaec2a65768f2c03ca6","text":"bla bla","status":0}]
I, [2022-03-22T09:13:57.791578 #72295]  INFO -- : Running example 'Verifying a pact between todo and todo-backend Given a todo item is created create item request with POST /CreateTodo returns a response which has status code 201'
I, [2022-03-22T09:13:57.792889 #72295]  INFO -- : Sending POST request to path: "/CreateTodo" with headers: {"HTTP_ACCEPT"=>"application/json", "CONTENT_TYPE"=>"application/json", "HTTP_X_PACT_ORIGINAL_HEADER_NAMES"=>"Accept,Content-Type", "X_PACT_PROVIDER_STATES"=>[{"name"=>"a todo item is created"}]}, see debug logs for body
D, [2022-03-22T09:13:57.792942 #72295] DEBUG -- : body :{"status":0,"text":"new todo element"}
I, [2022-03-22T09:13:57.795070 #72295]  INFO -- : Received response with status: 201, headers: {"Access-Control-Allow-Origin"=>"*", "Content-Length"=>"7", "Content-Type"=>"text/plain; charset=utf-8", "Date"=>"Tue, 22 Mar 2022 06:13:57 GMT", "Vary"=>"Origin"}, see debug logs for body
D, [2022-03-22T09:13:57.795112 #72295] DEBUG -- : body: Created
I, [2022-03-26T13:53:45.918886 #99431]  INFO -- : Running example 'Verifying a pact between todo and todo-backend Given there are already exists todos request for geting todos with GET /GetTodoElements returns a response which has status code 200'
I, [2022-03-26T13:53:45.927269 #99431]  INFO -- : Sending GET request to path: "/GetTodoElements" with headers: {"HTTP_ACCEPT"=>"application/json", "HTTP_X_PACT_ORIGINAL_HEADER_NAMES"=>"Accept", "X_PACT_PROVIDER_STATES"=>[{"name"=>"there are already exists todos"}]}, see debug logs for body
D, [2022-03-26T13:53:45.927347 #99431] DEBUG -- : body :
I, [2022-03-26T13:53:45.947424 #99431]  INFO -- : Received response with status: 200, headers: {"Access-Control-Allow-Origin"=>"*", "Content-Length"=>"131", "Content-Type"=>"application/json", "Date"=>"Sat, 26 Mar 2022 10:53:45 GMT", "Vary"=>"Origin"}, see debug logs for body
D, [2022-03-26T13:53:45.947507 #99431] DEBUG -- : body: [{"_id":"62234346c2a65768f2c03ca5","text":"drink water","status":0},{"_id":"6225bfaec2a65768f2c03ca6","text":"bla bla","status":0}]
I, [2022-03-26T13:53:45.950205 #99431]  INFO -- : Running example 'Verifying a pact between todo and todo-backend Given a todo item is created create item request with POST /CreateTodo returns a response which has status code 201'
I, [2022-03-26T13:53:45.952202 #99431]  INFO -- : Sending POST request to path: "/CreateTodo" with headers: {"HTTP_ACCEPT"=>"application/json", "CONTENT_TYPE"=>"application/json", "HTTP_X_PACT_ORIGINAL_HEADER_NAMES"=>"Accept,Content-Type", "X_PACT_PROVIDER_STATES"=>[{"name"=>"a todo item is created"}]}, see debug logs for body
D, [2022-03-26T13:53:45.952283 #99431] DEBUG -- : body :{"status":0,"text":"new todo element"}
I, [2022-03-26T13:53:45.955455 #99431]  INFO -- : Received response with status: 201, headers: {"Access-Control-Allow-Origin"=>"*", "Content-Length"=>"7", "Content-Type"=>"text/plain; charset=utf-8", "Date"=>"Sat, 26 Mar 2022 10:53:45 GMT", "Vary"=>"Origin"}, see debug logs for body
D, [2022-03-26T13:53:45.955573 #99431] DEBUG -- : body: Created
